<?xml version="1.0" encoding="UTF-8"?>
<testng-results skipped="0" failed="0" ignored="0" total="1" passed="1">
  <reporter-output>
  </reporter-output>
  <suite name="Surefire suite" duration-ms="39" started-at="2020-04-15T05:09:49Z" finished-at="2020-04-15T05:09:50Z">
    <groups>
    </groups>
    <test name="Surefire test" duration-ms="39" started-at="2020-04-15T05:09:49Z" finished-at="2020-04-15T05:09:50Z">
      <class name="Test">
        <test-method status="PASS" signature="tes()[pri:0, instance:Test@5e3a8624]" name="tes" duration-ms="7" started-at="2020-04-15T13:09:50Z" finished-at="2020-04-15T13:09:50Z">
          <reporter-output>
          </reporter-output>
        </test-method> <!-- tes -->
      </class> <!-- Test -->
    </test> <!-- Surefire test -->
  </suite> <!-- Surefire suite -->
</testng-results>
